<?xml version="1.0" encoding="UTF-8"?>
<!-- Generated by org.testng.reporters.JUnitReportReporter -->
<testsuite hostname="Jatin" failures="0" tests="4" name="com.virgingames.webpages.TestSuit" time="237.023" errors="0" timestamp="10 Jun 2019 21:53:45 GMT" skipped="0">
  <testcase classname="com.virgingames.webpages.TestSuit" name="verify_That_User_Login_Fails_With_Invalid_Credentials" time="35.067"/>
  <testcase classname="com.virgingames.webpages.TestSuit" name="verify_That_User_Is_Navigated_To_Login_Page_Successfully" time="31.692"/>
  <testcase classname="com.virgingames.webpages.TestSuit" name="verify_That_User_Login_Fails_With_Invalid_Credentials" time="24.835"/>
  <testcase classname="com.virgingames.webpages.TestSuit" name="verify_That_User_Login_Fails_With_Invalid_Credentials" time="145.429"/>
</testsuite> <!-- com.virgingames.webpages.TestSuit -->
